<?xml version="1.0" encoding="UTF-8"?>
<!-- Generated by org.testng.reporters.JUnitReportReporter -->
<testsuite hostname="AliNoor" failures="0" tests="12" name="com.qa.opencart.tests.AccountsPageTest" time="24.190" errors="0" timestamp="2023-08-07T12:29:42 EDT" skipped="0">
  <testcase classname="com.qa.opencart.tests.AccountsPageTest" name="accPageTitleTest" time="0.124"/>
  <system-out/>
  <testcase classname="com.qa.opencart.tests.AccountsPageTest" name="accPageURLTest" time="0.032"/>
  <system-out/>
  <testcase classname="com.qa.opencart.tests.AccountsPageTest" name="isLogoutLinkExistTest" time="0.131"/>
  <system-out/>
  <testcase classname="com.qa.opencart.tests.AccountsPageTest" name="accPageHeadersCountTest" time="0.168"/>
  <system-out/>
  <testcase classname="com.qa.opencart.tests.AccountsPageTest" name="accPageHeadersValuesTest" time="0.154"/>
  <system-out/>
  <testcase classname="com.qa.opencart.tests.AccountsPageTest" name="SearchProductCountTest" time="2.344"/>
  <system-out/>
  <testcase classname="com.qa.opencart.tests.AccountsPageTest" name="SearchProductCountTest" time="2.100"/>
  <system-out/>
  <testcase classname="com.qa.opencart.tests.AccountsPageTest" name="SearchProductCountTest" time="2.631"/>
  <system-out/>
  <testcase classname="com.qa.opencart.tests.AccountsPageTest" name="SearchProductCountTest" time="2.923"/>
  <system-out/>
  <testcase classname="com.qa.opencart.tests.AccountsPageTest" name="SearchProductTest" time="5.624"/>
  <system-out/>
  <testcase classname="com.qa.opencart.tests.AccountsPageTest" name="SearchProductTest" time="3.899"/>
  <system-out/>
  <testcase classname="com.qa.opencart.tests.AccountsPageTest" name="SearchProductTest" time="4.060"/>
  <system-out/>
</testsuite> <!-- com.qa.opencart.tests.AccountsPageTest -->
