<?xml version="1.0" encoding="UTF-8"?>
<!-- Generated by org.testng.reporters.JUnitReportReporter -->
<testsuite hostname="AliNoor" failures="0" tests="12" name="com.qa.opencart.tests.AccountsPageTest" time="37.390" errors="0" timestamp="2023-08-03T16:44:35 EDT" skipped="0">
  <testcase classname="com.qa.opencart.tests.AccountsPageTest" name="accPageTitleTest" time="0.076"/>
  <system-out/>
  <testcase classname="com.qa.opencart.tests.AccountsPageTest" name="accPageURLTest" time="0.068"/>
  <system-out/>
  <testcase classname="com.qa.opencart.tests.AccountsPageTest" name="isLogoutLinkExistTest" time="0.199"/>
  <system-out/>
  <testcase classname="com.qa.opencart.tests.AccountsPageTest" name="accPageHeadersCountTest" time="0.251"/>
  <system-out/>
  <testcase classname="com.qa.opencart.tests.AccountsPageTest" name="accPageHeadersValuesTest" time="0.548"/>
  <system-out/>
  <testcase classname="com.qa.opencart.tests.AccountsPageTest" name="SearchProductCountTest" time="5.476"/>
  <system-out/>
  <testcase classname="com.qa.opencart.tests.AccountsPageTest" name="SearchProductCountTest" time="4.103"/>
  <system-out/>
  <testcase classname="com.qa.opencart.tests.AccountsPageTest" name="SearchProductCountTest" time="3.717"/>
  <system-out/>
  <testcase classname="com.qa.opencart.tests.AccountsPageTest" name="SearchProductCountTest" time="5.073"/>
  <system-out/>
  <testcase classname="com.qa.opencart.tests.AccountsPageTest" name="SearchProductTest" time="5.041"/>
  <system-out/>
  <testcase classname="com.qa.opencart.tests.AccountsPageTest" name="SearchProductTest" time="5.348"/>
  <system-out/>
  <testcase classname="com.qa.opencart.tests.AccountsPageTest" name="SearchProductTest" time="7.490"/>
  <system-out/>
</testsuite> <!-- com.qa.opencart.tests.AccountsPageTest -->
