<?xml version="1.0" encoding="UTF-8"?>
<!-- Generated by org.testng.reporters.JUnitReportReporter -->
<testsuite hostname="AliNoor" failures="0" tests="6" name="com.qa.opencart.tests.ProductPageInfoTest" time="33.913" errors="0" timestamp="2023-08-03T12:22:03 EDT" skipped="0">
  <testcase classname="com.qa.opencart.tests.ProductPageInfoTest" name="productInfoTest" time="4.601"/>
  <system-out/>
  <testcase classname="com.qa.opencart.tests.ProductPageInfoTest" name="addToCartTest" time="8.447"/>
  <system-out/>
  <testcase classname="com.qa.opencart.tests.ProductPageInfoTest" name="productImagesCountTest" time="4.567"/>
  <system-out/>
  <testcase classname="com.qa.opencart.tests.ProductPageInfoTest" name="productImagesCountTest" time="8.150"/>
  <system-out/>
  <testcase classname="com.qa.opencart.tests.ProductPageInfoTest" name="productImagesCountTest" time="4.308"/>
  <system-out/>
  <testcase classname="com.qa.opencart.tests.ProductPageInfoTest" name="productImagesCountTest" time="3.840"/>
  <system-out/>
</testsuite> <!-- com.qa.opencart.tests.ProductPageInfoTest -->
