<?xml version="1.0" encoding="UTF-8"?>
<!-- Generated by org.testng.reporters.JUnitReportReporter -->
<testsuite hostname="AliNoor" failures="0" tests="3" name="com.qa.opencart.tests.RegisterPageTest" time="40.834" errors="0" timestamp="2023-08-03T12:22:03 EDT" skipped="0">
  <testcase classname="com.qa.opencart.tests.RegisterPageTest" name="userRegTest" time="12.266"/>
  <system-out/>
  <testcase classname="com.qa.opencart.tests.RegisterPageTest" name="userRegTest" time="14.901"/>
  <system-out/>
  <testcase classname="com.qa.opencart.tests.RegisterPageTest" name="userRegTest" time="13.667"/>
  <system-out/>
</testsuite> <!-- com.qa.opencart.tests.RegisterPageTest -->
