<?xml version="1.0" encoding="UTF-8"?>
<!-- Generated by org.testng.reporters.JUnitReportReporter -->
<testsuite hostname="AliNoor" failures="0" tests="3" name="com.qa.opencart.tests.RegisterPageTest" time="49.380" errors="0" timestamp="2023-08-03T16:44:35 EDT" skipped="0">
  <testcase classname="com.qa.opencart.tests.RegisterPageTest" name="userRegTest" time="21.268"/>
  <system-out/>
  <testcase classname="com.qa.opencart.tests.RegisterPageTest" name="userRegTest" time="15.615"/>
  <system-out/>
  <testcase classname="com.qa.opencart.tests.RegisterPageTest" name="userRegTest" time="12.497"/>
  <system-out/>
</testsuite> <!-- com.qa.opencart.tests.RegisterPageTest -->
