<?xml version="1.0" encoding="UTF-8"?>
<!-- Generated by org.testng.reporters.JUnitReportReporter -->
<testsuite hostname="AliNoor" failures="0" tests="12" name="com.qa.opencart.tests.AccountsPageTest" time="32.957" errors="0" timestamp="2023-08-03T12:22:03 EDT" skipped="0">
  <testcase classname="com.qa.opencart.tests.AccountsPageTest" name="accPageTitleTest" time="0.051"/>
  <system-out/>
  <testcase classname="com.qa.opencart.tests.AccountsPageTest" name="accPageURLTest" time="0.036"/>
  <system-out/>
  <testcase classname="com.qa.opencart.tests.AccountsPageTest" name="isLogoutLinkExistTest" time="0.194"/>
  <system-out/>
  <testcase classname="com.qa.opencart.tests.AccountsPageTest" name="accPageHeadersCountTest" time="0.215"/>
  <system-out/>
  <testcase classname="com.qa.opencart.tests.AccountsPageTest" name="accPageHeadersValuesTest" time="0.191"/>
  <system-out/>
  <testcase classname="com.qa.opencart.tests.AccountsPageTest" name="SearchProductCountTest" time="4.972"/>
  <system-out/>
  <testcase classname="com.qa.opencart.tests.AccountsPageTest" name="SearchProductCountTest" time="4.100"/>
  <system-out/>
  <testcase classname="com.qa.opencart.tests.AccountsPageTest" name="SearchProductCountTest" time="3.774"/>
  <system-out/>
  <testcase classname="com.qa.opencart.tests.AccountsPageTest" name="SearchProductCountTest" time="3.683"/>
  <system-out/>
  <testcase classname="com.qa.opencart.tests.AccountsPageTest" name="SearchProductTest" time="5.945"/>
  <system-out/>
  <testcase classname="com.qa.opencart.tests.AccountsPageTest" name="SearchProductTest" time="5.163"/>
  <system-out/>
  <testcase classname="com.qa.opencart.tests.AccountsPageTest" name="SearchProductTest" time="4.633"/>
  <system-out/>
</testsuite> <!-- com.qa.opencart.tests.AccountsPageTest -->
