<?xml version="1.0" encoding="UTF-8"?>
<!-- Generated by org.testng.reporters.JUnitReportReporter -->
<testsuite hostname="AliNoor" failures="0" tests="4" name="com.qa.opencart.tests.LoginPageTest" time="3.665" errors="0" timestamp="2023-08-04T22:41:59 EDT" skipped="0">
  <testcase classname="com.qa.opencart.tests.LoginPageTest" name="loginPageTest" time="0.164"/>
  <system-out/>
  <testcase classname="com.qa.opencart.tests.LoginPageTest" name="loginPageURLTest" time="0.026"/>
  <system-out/>
  <testcase classname="com.qa.opencart.tests.LoginPageTest" name="forgotPwdLinkExistTest" time="0.155"/>
  <system-out/>
  <testcase classname="com.qa.opencart.tests.LoginPageTest" name="loginTest" time="3.320"/>
  <system-out/>
</testsuite> <!-- com.qa.opencart.tests.LoginPageTest -->
